TN:
SF:/Users/meechd/dev/dom/dist/index.js
FN:3,(anonymous_1)
FN:3,(anonymous_2)
FN:5,webpackUniversalModuleDefinition
FN:12,(anonymous_4)
FN:13,(anonymous_5)
FN:19,__webpack_require__
FN:60,(anonymous_7)
FN:68,(anonymous_8)
FN:69,defineProperties
FN:73,(anonymous_10)
FN:80,_toConsumableArray
FN:90,_classCallCheck
FN:96,_possibleConstructorReturn
FN:102,_inherits
FN:108,_extendableBuiltin
FN:109,ExtendableBuiltin
FN:165,(anonymous_17)
FN:168,DOMArray
FN:206,injectMethodsAndProperties
FN:210,(anonymous_20)
FN:225,(anonymous_21)
FN:239,createFromCSSSelector
FN:253,createFromTAGDefinition
FN:275,createFromElements
FN:283,(anonymous_25)
FN:300,genericMethod
FN:313,(anonymous_27)
FN:327,genericGetter
FN:334,(anonymous_29)
FN:347,genericSetter
FN:348,(anonymous_31)
FN:359,setStyles
FN:360,(anonymous_33)
FN:362,(anonymous_34)
FN:377,getNode
FN:392,empty
FN:393,(anonymous_37)
FN:409,appendTo
FN:412,(anonymous_39)
FN:424,remove
FN:425,(anonymous_41)
FN:445,zip
FN:457,(anonymous_43)
FN:464,(anonymous_44)
FN:490,unzip
FN:496,(anonymous_46)
FN:504,(anonymous_47)
FN:521,traverse
FN:524,(anonymous_49)
FN:543,addClasses
FN:546,(anonymous_51)
FN:548,(anonymous_52)
FN:549,(anonymous_53)
FN:564,removeClasses
FN:567,(anonymous_55)
FN:569,(anonymous_56)
FN:570,(anonymous_57)
FN:586,classesConditional
FN:602,clone
FN:603,(anonymous_60)
FN:617,on
FN:625,(anonymous_62)
FN:640,off
FN:652,(anonymous_64)
FN:653,(anonymous_65)
FN:654,(anonymous_66)
FN:665,(anonymous_67)
FN:666,(anonymous_68)
FN:677,(anonymous_69)
FN:681,(anonymous_70)
FN:683,(anonymous_71)
FN:696,get
FN:708,D
FNF:73
FNH:72
FNDA:0,(anonymous_1)
FNDA:45,(anonymous_2)
FNDA:1,webpackUniversalModuleDefinition
FNDA:1,(anonymous_4)
FNDA:1,(anonymous_5)
FNDA:1,__webpack_require__
FNDA:1,(anonymous_7)
FNDA:1,(anonymous_8)
FNDA:1,defineProperties
FNDA:1,(anonymous_10)
FNDA:36,_toConsumableArray
FNDA:43,_classCallCheck
FNDA:43,_possibleConstructorReturn
FNDA:1,_inherits
FNDA:1,_extendableBuiltin
FNDA:43,ExtendableBuiltin
FNDA:1,(anonymous_17)
FNDA:43,DOMArray
FNDA:43,injectMethodsAndProperties
FNDA:1634,(anonymous_20)
FNDA:903,(anonymous_21)
FNDA:7,createFromCSSSelector
FNDA:18,createFromTAGDefinition
FNDA:18,createFromElements
FNDA:23,(anonymous_25)
FNDA:35,genericMethod
FNDA:6,(anonymous_27)
FNDA:23,genericGetter
FNDA:26,(anonymous_29)
FNDA:1,genericSetter
FNDA:2,(anonymous_31)
FNDA:2,setStyles
FNDA:2,(anonymous_33)
FNDA:4,(anonymous_34)
FNDA:11,getNode
FNDA:1,empty
FNDA:1,(anonymous_37)
FNDA:6,appendTo
FNDA:10,(anonymous_39)
FNDA:1,remove
FNDA:1,(anonymous_41)
FNDA:3,zip
FNDA:2,(anonymous_43)
FNDA:5,(anonymous_44)
FNDA:3,unzip
FNDA:2,(anonymous_46)
FNDA:1,(anonymous_47)
FNDA:5,traverse
FNDA:3,(anonymous_49)
FNDA:2,addClasses
FNDA:6,(anonymous_51)
FNDA:6,(anonymous_52)
FNDA:12,(anonymous_53)
FNDA:2,removeClasses
FNDA:4,(anonymous_55)
FNDA:4,(anonymous_56)
FNDA:8,(anonymous_57)
FNDA:2,classesConditional
FNDA:1,clone
FNDA:2,(anonymous_60)
FNDA:6,on
FNDA:6,(anonymous_62)
FNDA:4,off
FNDA:1,(anonymous_64)
FNDA:2,(anonymous_65)
FNDA:2,(anonymous_66)
FNDA:2,(anonymous_67)
FNDA:2,(anonymous_68)
FNDA:2,(anonymous_69)
FNDA:1,(anonymous_70)
FNDA:1,(anonymous_71)
FNDA:79,get
FNDA:40,D
DA:3,45
DA:5,1
DA:6,1
DA:7,0
DA:8,0
DA:9,0
DA:13,1
DA:16,1
DA:19,1
DA:22,1
DA:23,0
DA:26,1
DA:33,1
DA:36,1
DA:39,1
DA:45,1
DA:48,1
DA:51,1
DA:54,1
DA:64,1
DA:68,1
DA:69,1
DA:70,1
DA:71,22
DA:73,1
DA:74,1
DA:78,1
DA:80,1
DA:81,36
DA:82,2
DA:83,4
DA:84,2
DA:86,34
DA:90,1
DA:91,43
DA:92,0
DA:96,1
DA:97,43
DA:98,0
DA:99,43
DA:102,1
DA:103,1
DA:104,0
DA:105,1
DA:108,1
DA:109,1
DA:110,43
DA:111,43
DA:112,43
DA:115,1
DA:124,1
DA:125,1
DA:127,0
DA:130,1
DA:137,1
DA:148,1
DA:159,1
DA:165,1
DA:166,1
DA:168,1
DA:169,43
DA:172,43
DA:174,43
DA:175,49
DA:178,43
DA:180,43
DA:183,43
DA:184,7
DA:188,36
DA:189,18
DA:192,18
DA:196,43
DA:197,43
DA:204,1
DA:207,43
DA:210,43
DA:212,1634
DA:213,1634
DA:214,1634
DA:216,1634
DA:221,1634
DA:225,43
DA:226,903
DA:241,7
DA:243,7
DA:255,18
DA:256,18
DA:258,18
DA:261,18
DA:263,18
DA:264,23
DA:276,18
DA:278,18
DA:279,23
DA:283,18
DA:284,23
DA:285,1
DA:287,22
DA:301,35
DA:302,26
DA:305,35
DA:306,2
DA:308,33
DA:309,30
DA:311,30
DA:313,3
DA:314,6
DA:316,6
DA:328,23
DA:329,1
DA:331,22
DA:332,9
DA:334,13
DA:335,26
DA:348,1
DA:349,2
DA:360,2
DA:361,2
DA:362,2
DA:363,4
DA:367,2
DA:378,11
DA:379,9
DA:393,1
DA:394,1
DA:395,5
DA:398,1
DA:410,6
DA:412,6
DA:413,10
DA:415,6
DA:425,1
DA:426,1
DA:427,1
DA:430,1
DA:446,3
DA:449,3
DA:450,1
DA:452,2
DA:457,2
DA:459,2
DA:460,2
DA:461,2
DA:464,2
DA:465,5
DA:466,5
DA:468,1
DA:474,1
DA:475,1
DA:477,1
DA:481,2
DA:491,3
DA:493,3
DA:494,1
DA:496,2
DA:498,2
DA:499,2
DA:500,2
DA:503,2
DA:504,1
DA:505,1
DA:507,1
DA:510,2
DA:511,2
DA:522,5
DA:524,5
DA:525,3
DA:526,3
DA:527,7
DA:529,7
DA:530,7
DA:531,7
DA:534,5
DA:544,2
DA:546,2
DA:547,6
DA:549,6
DA:550,12
DA:553,2
DA:565,2
DA:567,2
DA:568,4
DA:570,4
DA:571,8
DA:574,2
DA:587,2
DA:588,1
DA:590,1
DA:592,2
DA:603,1
DA:604,2
DA:606,1
DA:618,6
DA:622,6
DA:623,6
DA:624,6
DA:625,6
DA:626,6
DA:628,6
DA:641,4
DA:643,4
DA:646,4
DA:647,0
DA:650,4
DA:652,1
DA:653,1
DA:654,2
DA:655,2
DA:660,1
DA:663,3
DA:664,1
DA:665,1
DA:666,2
DA:667,2
DA:672,1
DA:676,2
DA:677,2
DA:678,2
DA:680,2
DA:681,1
DA:682,1
DA:683,1
DA:684,1
DA:686,1
DA:692,4
DA:697,79
DA:701,1
DA:708,1
DA:709,40
LF:229
LH:220
BRDA:3,1,0,0
BRDA:3,1,1,1
BRDA:3,2,0,1
BRDA:3,2,1,1
BRDA:3,3,0,0
BRDA:3,3,1,45
BRDA:3,4,0,45
BRDA:3,4,1,45
BRDA:3,4,2,45
BRDA:6,5,0,1
BRDA:6,5,1,0
BRDA:6,6,0,1
BRDA:6,6,1,1
BRDA:6,7,0,0
BRDA:6,7,1,1
BRDA:6,8,0,0
BRDA:6,8,1,1
BRDA:6,9,0,0
BRDA:6,9,1,0
BRDA:6,10,0,0
BRDA:6,10,1,0
BRDA:9,11,0,0
BRDA:9,11,1,0
BRDA:9,12,0,0
BRDA:9,12,1,0
BRDA:22,13,0,0
BRDA:22,13,1,1
BRDA:71,14,0,22
BRDA:71,14,1,22
BRDA:71,15,0,21
BRDA:71,15,1,1
BRDA:74,16,0,1
BRDA:74,16,1,0
BRDA:74,17,0,0
BRDA:74,17,1,1
BRDA:81,18,0,2
BRDA:81,18,1,34
BRDA:91,19,0,0
BRDA:91,19,1,43
BRDA:97,20,0,0
BRDA:97,20,1,43
BRDA:99,21,0,43
BRDA:99,21,1,0
BRDA:99,22,0,43
BRDA:99,22,1,43
BRDA:99,22,2,0
BRDA:99,23,0,0
BRDA:99,23,1,43
BRDA:103,24,0,0
BRDA:103,24,1,1
BRDA:103,25,0,1
BRDA:103,25,1,0
BRDA:104,26,0,0
BRDA:104,26,1,0
BRDA:105,27,0,1
BRDA:105,27,1,1
BRDA:105,28,0,1
BRDA:105,28,1,0
BRDA:105,29,0,1
BRDA:105,29,1,0
BRDA:124,30,0,1
BRDA:124,30,1,0
BRDA:180,31,0,43
BRDA:180,31,1,25
BRDA:183,32,0,7
BRDA:183,32,1,36
BRDA:183,33,0,43
BRDA:183,33,1,8
BRDA:183,33,2,42
BRDA:183,33,3,25
BRDA:188,34,0,18
BRDA:188,34,1,18
BRDA:188,35,0,36
BRDA:188,35,1,29
BRDA:213,36,0,1634
BRDA:213,36,1,1032
BRDA:214,37,0,1032
BRDA:214,37,1,602
BRDA:218,38,0,1032
BRDA:218,38,1,602
BRDA:241,39,0,1
BRDA:241,39,1,6
BRDA:284,40,0,1
BRDA:284,40,1,22
BRDA:305,41,0,2
BRDA:305,41,1,33
BRDA:308,42,0,30
BRDA:308,42,1,3
BRDA:328,43,0,1
BRDA:328,43,1,22
BRDA:331,44,0,9
BRDA:331,44,1,13
BRDA:361,45,0,2
BRDA:361,45,1,0
BRDA:378,46,0,2
BRDA:378,46,1,9
BRDA:426,47,0,1
BRDA:426,47,1,0
BRDA:449,48,0,1
BRDA:449,48,1,2
BRDA:460,49,0,2
BRDA:460,49,1,0
BRDA:466,50,0,1
BRDA:466,50,1,4
BRDA:466,51,0,5
BRDA:466,51,1,3
BRDA:474,52,0,1
BRDA:474,52,1,1
BRDA:493,53,0,1
BRDA:493,53,1,2
BRDA:499,54,0,2
BRDA:499,54,1,0
BRDA:503,55,0,1
BRDA:503,55,1,1
BRDA:587,56,0,1
BRDA:587,56,1,1
BRDA:618,57,0,0
BRDA:618,57,1,6
BRDA:618,58,0,6
BRDA:618,58,1,6
BRDA:622,59,0,6
BRDA:622,59,1,4
BRDA:623,60,0,6
BRDA:623,60,1,4
BRDA:643,61,0,2
BRDA:643,61,1,2
BRDA:643,62,0,4
BRDA:643,62,1,2
BRDA:646,63,0,0
BRDA:646,63,1,4
BRDA:650,64,0,1
BRDA:650,64,1,3
BRDA:650,65,0,4
BRDA:650,65,1,1
BRDA:663,66,0,1
BRDA:663,66,1,2
BRDA:663,67,0,3
BRDA:663,67,1,3
BRDA:664,68,0,1
BRDA:664,68,1,0
BRDA:676,69,0,2
BRDA:676,69,1,0
BRDA:678,70,0,2
BRDA:678,70,1,2
BRDA:680,71,0,1
BRDA:680,71,1,1
BRF:146
BRH:110
end_of_record
