TN:
SF:/Users/meechd/dev/dom/dist/index.js
FN:3,(anonymous_1)
FN:3,(anonymous_2)
FN:5,webpackUniversalModuleDefinition
FN:12,(anonymous_4)
FN:13,(anonymous_5)
FN:19,__webpack_require__
FN:60,(anonymous_7)
FN:68,(anonymous_8)
FN:69,defineProperties
FN:73,(anonymous_10)
FN:80,_toConsumableArray
FN:90,_classCallCheck
FN:96,_possibleConstructorReturn
FN:102,_inherits
FN:108,_extendableBuiltin
FN:109,ExtendableBuiltin
FN:165,(anonymous_17)
FN:168,DOMArray
FN:206,injectMethodsAndProperties
FN:210,(anonymous_20)
FN:225,(anonymous_21)
FN:239,createFromCSSSelector
FN:253,createFromTAGDefinition
FN:275,createFromElements
FN:283,(anonymous_25)
FN:300,genericMethod
FN:313,(anonymous_27)
FN:327,genericGetter
FN:334,(anonymous_29)
FN:347,genericSetter
FN:348,(anonymous_31)
FN:359,setStyles
FN:360,(anonymous_33)
FN:362,(anonymous_34)
FN:377,getNode
FN:392,empty
FN:393,(anonymous_37)
FN:409,appendTo
FN:412,(anonymous_39)
FN:424,remove
FN:425,(anonymous_41)
FN:445,zip
FN:457,(anonymous_43)
FN:464,(anonymous_44)
FN:490,unzip
FN:496,(anonymous_46)
FN:504,(anonymous_47)
FN:521,traverse
FN:524,(anonymous_49)
FN:546,getChildren
FN:552,(anonymous_51)
FN:566,addClasses
FN:569,(anonymous_53)
FN:571,(anonymous_54)
FN:572,(anonymous_55)
FN:587,removeClasses
FN:590,(anonymous_57)
FN:592,(anonymous_58)
FN:593,(anonymous_59)
FN:609,classesConditional
FN:625,clone
FN:626,(anonymous_62)
FN:640,on
FN:648,(anonymous_64)
FN:663,off
FN:675,(anonymous_66)
FN:676,(anonymous_67)
FN:677,(anonymous_68)
FN:688,(anonymous_69)
FN:689,(anonymous_70)
FN:700,(anonymous_71)
FN:704,(anonymous_72)
FN:706,(anonymous_73)
FN:719,get
FN:731,D
FNF:75
FNH:74
FNDA:0,(anonymous_1)
FNDA:48,(anonymous_2)
FNDA:1,webpackUniversalModuleDefinition
FNDA:1,(anonymous_4)
FNDA:1,(anonymous_5)
FNDA:1,__webpack_require__
FNDA:1,(anonymous_7)
FNDA:1,(anonymous_8)
FNDA:1,defineProperties
FNDA:1,(anonymous_10)
FNDA:40,_toConsumableArray
FNDA:46,_classCallCheck
FNDA:46,_possibleConstructorReturn
FNDA:1,_inherits
FNDA:1,_extendableBuiltin
FNDA:46,ExtendableBuiltin
FNDA:1,(anonymous_17)
FNDA:46,DOMArray
FNDA:46,injectMethodsAndProperties
FNDA:1840,(anonymous_20)
FNDA:1058,(anonymous_21)
FNDA:7,createFromCSSSelector
FNDA:20,createFromTAGDefinition
FNDA:19,createFromElements
FNDA:24,(anonymous_25)
FNDA:37,genericMethod
FNDA:6,(anonymous_27)
FNDA:24,genericGetter
FNDA:26,(anonymous_29)
FNDA:1,genericSetter
FNDA:2,(anonymous_31)
FNDA:2,setStyles
FNDA:2,(anonymous_33)
FNDA:4,(anonymous_34)
FNDA:11,getNode
FNDA:1,empty
FNDA:1,(anonymous_37)
FNDA:6,appendTo
FNDA:10,(anonymous_39)
FNDA:1,remove
FNDA:1,(anonymous_41)
FNDA:3,zip
FNDA:2,(anonymous_43)
FNDA:5,(anonymous_44)
FNDA:3,unzip
FNDA:2,(anonymous_46)
FNDA:1,(anonymous_47)
FNDA:6,traverse
FNDA:4,(anonymous_49)
FNDA:29,getChildren
FNDA:3,(anonymous_51)
FNDA:2,addClasses
FNDA:6,(anonymous_53)
FNDA:6,(anonymous_54)
FNDA:12,(anonymous_55)
FNDA:2,removeClasses
FNDA:4,(anonymous_57)
FNDA:4,(anonymous_58)
FNDA:8,(anonymous_59)
FNDA:2,classesConditional
FNDA:1,clone
FNDA:2,(anonymous_62)
FNDA:6,on
FNDA:6,(anonymous_64)
FNDA:4,off
FNDA:1,(anonymous_66)
FNDA:2,(anonymous_67)
FNDA:2,(anonymous_68)
FNDA:2,(anonymous_69)
FNDA:2,(anonymous_70)
FNDA:2,(anonymous_71)
FNDA:1,(anonymous_72)
FNDA:1,(anonymous_73)
FNDA:84,get
FNDA:43,D
DA:3,48
DA:5,1
DA:6,1
DA:7,0
DA:8,0
DA:9,0
DA:13,1
DA:16,1
DA:19,1
DA:22,1
DA:23,0
DA:26,1
DA:33,1
DA:36,1
DA:39,1
DA:45,1
DA:48,1
DA:51,1
DA:54,1
DA:64,1
DA:68,1
DA:69,1
DA:70,1
DA:71,23
DA:73,1
DA:74,1
DA:78,1
DA:80,1
DA:81,40
DA:82,31
DA:83,33
DA:84,31
DA:86,9
DA:90,1
DA:91,46
DA:92,0
DA:96,1
DA:97,46
DA:98,0
DA:99,46
DA:102,1
DA:103,1
DA:104,0
DA:105,1
DA:108,1
DA:109,1
DA:110,46
DA:111,46
DA:112,46
DA:115,1
DA:124,1
DA:125,1
DA:127,0
DA:130,1
DA:137,1
DA:148,1
DA:159,1
DA:165,1
DA:166,1
DA:168,1
DA:169,46
DA:172,46
DA:174,46
DA:175,52
DA:178,46
DA:180,46
DA:183,46
DA:184,7
DA:188,39
DA:189,20
DA:192,19
DA:196,46
DA:197,46
DA:204,1
DA:207,46
DA:210,46
DA:212,1840
DA:213,1840
DA:214,1840
DA:216,1840
DA:221,1840
DA:225,46
DA:226,1058
DA:241,7
DA:243,7
DA:255,20
DA:256,20
DA:258,20
DA:261,20
DA:263,20
DA:264,25
DA:276,19
DA:278,19
DA:279,24
DA:283,19
DA:284,24
DA:285,1
DA:287,23
DA:301,37
DA:302,31
DA:305,37
DA:306,2
DA:308,35
DA:309,32
DA:311,32
DA:313,3
DA:314,6
DA:316,6
DA:328,24
DA:329,1
DA:331,23
DA:332,10
DA:334,13
DA:335,26
DA:348,1
DA:349,2
DA:360,2
DA:361,2
DA:362,2
DA:363,4
DA:367,2
DA:378,11
DA:379,9
DA:393,1
DA:394,1
DA:395,5
DA:398,1
DA:410,6
DA:412,6
DA:413,10
DA:415,6
DA:425,1
DA:426,1
DA:427,1
DA:430,1
DA:446,3
DA:449,3
DA:450,1
DA:452,2
DA:457,2
DA:459,2
DA:460,2
DA:461,2
DA:464,2
DA:465,5
DA:466,5
DA:468,1
DA:474,1
DA:475,1
DA:477,1
DA:481,2
DA:491,3
DA:493,3
DA:494,1
DA:496,2
DA:498,2
DA:499,2
DA:500,2
DA:503,2
DA:504,1
DA:505,1
DA:507,1
DA:510,2
DA:511,2
DA:522,6
DA:524,6
DA:525,4
DA:526,4
DA:527,9
DA:529,9
DA:530,9
DA:531,9
DA:534,6
DA:547,29
DA:548,27
DA:551,2
DA:552,2
DA:553,3
DA:557,0
DA:567,2
DA:569,2
DA:570,6
DA:572,6
DA:573,12
DA:576,2
DA:588,2
DA:590,2
DA:591,4
DA:593,4
DA:594,8
DA:597,2
DA:610,2
DA:611,1
DA:613,1
DA:615,2
DA:626,1
DA:627,2
DA:629,1
DA:641,6
DA:645,6
DA:646,6
DA:647,6
DA:648,6
DA:649,6
DA:651,6
DA:664,4
DA:666,4
DA:669,4
DA:670,0
DA:673,4
DA:675,1
DA:676,1
DA:677,2
DA:678,2
DA:683,1
DA:686,3
DA:687,1
DA:688,1
DA:689,2
DA:690,2
DA:695,1
DA:699,2
DA:700,2
DA:701,2
DA:703,2
DA:704,1
DA:705,1
DA:706,1
DA:707,1
DA:709,1
DA:715,4
DA:720,84
DA:724,1
DA:731,1
DA:732,43
LF:235
LH:225
BRDA:3,1,0,0
BRDA:3,1,1,1
BRDA:3,2,0,1
BRDA:3,2,1,1
BRDA:3,3,0,0
BRDA:3,3,1,48
BRDA:3,4,0,48
BRDA:3,4,1,48
BRDA:3,4,2,48
BRDA:6,5,0,1
BRDA:6,5,1,0
BRDA:6,6,0,1
BRDA:6,6,1,1
BRDA:6,7,0,0
BRDA:6,7,1,1
BRDA:6,8,0,0
BRDA:6,8,1,1
BRDA:6,9,0,0
BRDA:6,9,1,0
BRDA:6,10,0,0
BRDA:6,10,1,0
BRDA:9,11,0,0
BRDA:9,11,1,0
BRDA:9,12,0,0
BRDA:9,12,1,0
BRDA:22,13,0,0
BRDA:22,13,1,1
BRDA:71,14,0,23
BRDA:71,14,1,23
BRDA:71,15,0,22
BRDA:71,15,1,1
BRDA:74,16,0,1
BRDA:74,16,1,0
BRDA:74,17,0,0
BRDA:74,17,1,1
BRDA:81,18,0,31
BRDA:81,18,1,9
BRDA:91,19,0,0
BRDA:91,19,1,46
BRDA:97,20,0,0
BRDA:97,20,1,46
BRDA:99,21,0,46
BRDA:99,21,1,0
BRDA:99,22,0,46
BRDA:99,22,1,46
BRDA:99,22,2,0
BRDA:99,23,0,0
BRDA:99,23,1,46
BRDA:103,24,0,0
BRDA:103,24,1,1
BRDA:103,25,0,1
BRDA:103,25,1,0
BRDA:104,26,0,0
BRDA:104,26,1,0
BRDA:105,27,0,1
BRDA:105,27,1,1
BRDA:105,28,0,1
BRDA:105,28,1,0
BRDA:105,29,0,1
BRDA:105,29,1,0
BRDA:124,30,0,1
BRDA:124,30,1,0
BRDA:180,31,0,46
BRDA:180,31,1,27
BRDA:183,32,0,7
BRDA:183,32,1,39
BRDA:183,33,0,46
BRDA:183,33,1,8
BRDA:183,33,2,45
BRDA:183,33,3,27
BRDA:188,34,0,20
BRDA:188,34,1,19
BRDA:188,35,0,39
BRDA:188,35,1,32
BRDA:213,36,0,1840
BRDA:213,36,1,1104
BRDA:214,37,0,1104
BRDA:214,37,1,736
BRDA:218,38,0,1104
BRDA:218,38,1,736
BRDA:241,39,0,1
BRDA:241,39,1,6
BRDA:284,40,0,1
BRDA:284,40,1,23
BRDA:305,41,0,2
BRDA:305,41,1,35
BRDA:308,42,0,32
BRDA:308,42,1,3
BRDA:328,43,0,1
BRDA:328,43,1,23
BRDA:331,44,0,10
BRDA:331,44,1,13
BRDA:361,45,0,2
BRDA:361,45,1,0
BRDA:378,46,0,2
BRDA:378,46,1,9
BRDA:426,47,0,1
BRDA:426,47,1,0
BRDA:449,48,0,1
BRDA:449,48,1,2
BRDA:460,49,0,2
BRDA:460,49,1,0
BRDA:466,50,0,1
BRDA:466,50,1,4
BRDA:466,51,0,5
BRDA:466,51,1,3
BRDA:474,52,0,1
BRDA:474,52,1,1
BRDA:493,53,0,1
BRDA:493,53,1,2
BRDA:499,54,0,2
BRDA:499,54,1,0
BRDA:503,55,0,1
BRDA:503,55,1,1
BRDA:547,56,0,27
BRDA:547,56,1,2
BRDA:551,57,0,2
BRDA:551,57,1,0
BRDA:610,58,0,1
BRDA:610,58,1,1
BRDA:641,59,0,0
BRDA:641,59,1,6
BRDA:641,60,0,6
BRDA:641,60,1,6
BRDA:645,61,0,6
BRDA:645,61,1,4
BRDA:646,62,0,6
BRDA:646,62,1,4
BRDA:666,63,0,2
BRDA:666,63,1,2
BRDA:666,64,0,4
BRDA:666,64,1,2
BRDA:669,65,0,0
BRDA:669,65,1,4
BRDA:673,66,0,1
BRDA:673,66,1,3
BRDA:673,67,0,4
BRDA:673,67,1,1
BRDA:686,68,0,1
BRDA:686,68,1,2
BRDA:686,69,0,3
BRDA:686,69,1,3
BRDA:687,70,0,1
BRDA:687,70,1,0
BRDA:699,71,0,2
BRDA:699,71,1,0
BRDA:701,72,0,2
BRDA:701,72,1,2
BRDA:703,73,0,1
BRDA:703,73,1,1
BRF:150
BRH:113
end_of_record
